[05 Mar 2017 17:10:26] Building database metadata model
[05 Mar 2017 17:10:26] Properties: {partialRefresh=false, processColumnsUsingSelect=, includePrimaryKeys=true, eventSocketClient=com.webratio.commons.net.EventSocketClient@6a8c436b, includeTables=true, username=freeapp14, outputLogPath=/Users/Google Drive/WebRatio/MyPage/.Temp~/DB.xml.log, readIndexes=null, driverClass=com.mysql.jdbc.Driver, includeSynonyms=true, metaDataProviderClass=com.webratio.commons.db.metadata.MySQLMetaDataProvider, outputPath=/Users/Google Drive/WebRatio/MyPage/.Temp~/DB.xml, schemaRegex=null, readProcedures=null, includeViews=true, derby.system.home=/Users/Google Drive/WebRatio/.metadata/.plugins/com.webratio.commons.db/derby, url=jdbc:mysql://34.251.9.128:3306/freeapp14, tableRegex=null, readSQLDefinitions=true, includeForeignKeys=true, retrieveAllNames=false, tablesToRefresh=, eventSocketPort=59405}
[05 Mar 2017 17:10:26] URL: jdbc:mysql://34.251.9.128:3306/freeapp14
[05 Mar 2017 17:10:26] Product name: MySQL
[05 Mar 2017 17:10:26] Product version: 5.6.35
[05 Mar 2017 17:10:26] Driver name: MySQL Connector Java
[05 Mar 2017 17:10:26] Driver version: mysql-connector-java-5.1.31 ( Revision: alexander.soklakov@oracle.com-20140520065950-groqzzbvxprqdmnz )
[05 Mar 2017 17:10:26] Driver major version: 5
[05 Mar 2017 17:10:26] Driver minor version: 1
[05 Mar 2017 17:10:26] Identifier quote string: 1
[05 Mar 2017 17:10:26] Retrieving schemas
[05 Mar 2017 17:10:26] Retrieving [TABLE, VIEW, SYNONYM] for schema ''
[05 Mar 2017 17:10:26]   Found 'group_4' [type = TABLE]
[05 Mar 2017 17:10:26]   Found 'group_module_4' [type = TABLE]
[05 Mar 2017 17:10:26]   Found 'kuda_course' [type = TABLE]
[05 Mar 2017 17:10:26]   Found 'module_4' [type = TABLE]
[05 Mar 2017 17:10:26]   Found 'user_4' [type = TABLE]
[05 Mar 2017 17:10:26]   Found 'user_group_4' [type = TABLE]
[05 Mar 2017 17:10:26] Retrieving columns for 'group_4' [type = TABLE]
[05 Mar 2017 17:10:26]   Found column: oid [type = INT][SQL/XOPEN type = 4][size = 10][dec. digits = 0]
[05 Mar 2017 17:10:26]   Found column: groupname [type = VARCHAR][SQL/XOPEN type = 12][size = 255][dec. digits = 0]
[05 Mar 2017 17:10:26]   Found column: module_4_oid [type = INT][SQL/XOPEN type = 4][size = 10][dec. digits = 0]
[05 Mar 2017 17:10:26] Retrieving primary keys for 'group_4' [type = TABLE]
[05 Mar 2017 17:10:27]   Found primary key column: oid
[05 Mar 2017 17:10:27] Retrieving columns for 'group_module_4' [type = TABLE]
[05 Mar 2017 17:10:27]   Found column: group_4_oid [type = INT][SQL/XOPEN type = 4][size = 10][dec. digits = 0]
[05 Mar 2017 17:10:27]   Found column: module_4_oid [type = INT][SQL/XOPEN type = 4][size = 10][dec. digits = 0]
[05 Mar 2017 17:10:27] Retrieving primary keys for 'group_module_4' [type = TABLE]
[05 Mar 2017 17:10:27]   Found primary key column: group_4_oid
[05 Mar 2017 17:10:27]   Found primary key column: module_4_oid
[05 Mar 2017 17:10:27] Retrieving columns for 'kuda_course' [type = TABLE]
[05 Mar 2017 17:10:27]   Found column: course_id [type = VARCHAR][SQL/XOPEN type = 12][size = 255][dec. digits = 0]
[05 Mar 2017 17:10:27]   Found column: course_name [type = VARCHAR][SQL/XOPEN type = 12][size = 255][dec. digits = 0]
[05 Mar 2017 17:10:27]   Found column: course_year [type = VARCHAR][SQL/XOPEN type = 12][size = 255][dec. digits = 0]
[05 Mar 2017 17:10:27] Retrieving primary keys for 'kuda_course' [type = TABLE]
[05 Mar 2017 17:10:27]   Found primary key column: course_id
[05 Mar 2017 17:10:27] Retrieving columns for 'module_4' [type = TABLE]
[05 Mar 2017 17:10:27]   Found column: oid [type = INT][SQL/XOPEN type = 4][size = 10][dec. digits = 0]
[05 Mar 2017 17:10:27]   Found column: moduleid [type = VARCHAR][SQL/XOPEN type = 12][size = 255][dec. digits = 0]
[05 Mar 2017 17:10:27]   Found column: modulename [type = VARCHAR][SQL/XOPEN type = 12][size = 255][dec. digits = 0]
[05 Mar 2017 17:10:27] Retrieving primary keys for 'module_4' [type = TABLE]
[05 Mar 2017 17:10:27]   Found primary key column: oid
[05 Mar 2017 17:10:27] Retrieving columns for 'user_4' [type = TABLE]
[05 Mar 2017 17:10:27]   Found column: oid [type = INT][SQL/XOPEN type = 4][size = 10][dec. digits = 0]
[05 Mar 2017 17:10:27]   Found column: username [type = VARCHAR][SQL/XOPEN type = 12][size = 255][dec. digits = 0]
[05 Mar 2017 17:10:27]   Found column: password [type = VARCHAR][SQL/XOPEN type = 12][size = 255][dec. digits = 0]
[05 Mar 2017 17:10:27]   Found column: email [type = VARCHAR][SQL/XOPEN type = 12][size = 255][dec. digits = 0]
[05 Mar 2017 17:10:27]   Found column: group_4_oid [type = INT][SQL/XOPEN type = 4][size = 10][dec. digits = 0]
[05 Mar 2017 17:10:27] Retrieving primary keys for 'user_4' [type = TABLE]
[05 Mar 2017 17:10:27]   Found primary key column: oid
[05 Mar 2017 17:10:27] Retrieving columns for 'user_group_4' [type = TABLE]
[05 Mar 2017 17:10:27]   Found column: user_4_oid [type = INT][SQL/XOPEN type = 4][size = 10][dec. digits = 0]
[05 Mar 2017 17:10:27]   Found column: group_4_oid [type = INT][SQL/XOPEN type = 4][size = 10][dec. digits = 0]
[05 Mar 2017 17:10:27] Retrieving primary keys for 'user_group_4' [type = TABLE]
[05 Mar 2017 17:10:27]   Found primary key column: user_4_oid
[05 Mar 2017 17:10:27]   Found primary key column: group_4_oid
[05 Mar 2017 17:10:27] Retrieving foreign keys for 'group_4' [type = TABLE]
[05 Mar 2017 17:10:27]   Found foreign key: column module_4_oid references module_4(oid)
[05 Mar 2017 17:10:27] Retrieving foreign keys for 'group_module_4' [type = TABLE]
[05 Mar 2017 17:10:27]   Found foreign key: column group_4_oid references group_4(oid)
[05 Mar 2017 17:10:27]   Found foreign key: column module_4_oid references module_4(oid)
[05 Mar 2017 17:10:27] Retrieving foreign keys for 'kuda_course' [type = TABLE]
[05 Mar 2017 17:10:27] Retrieving foreign keys for 'module_4' [type = TABLE]
[05 Mar 2017 17:10:27] Retrieving foreign keys for 'user_4' [type = TABLE]
[05 Mar 2017 17:10:28]   Found foreign key: column group_4_oid references group_4(oid)
[05 Mar 2017 17:10:28] Retrieving foreign keys for 'user_group_4' [type = TABLE]
[05 Mar 2017 17:10:28]   Found foreign key: column group_4_oid references group_4(oid)
[05 Mar 2017 17:10:28]   Found foreign key: column user_4_oid references user_4(oid)
[05 Mar 2017 17:10:28] Database metadata retrieved (1365 ms)
[05 Mar 2017 17:10:28] Retrieving auto-increment columns for 'group_4' [type = TABLE]
[05 Mar 2017 17:10:28] Retrieving auto-increment columns for 'group_module_4' [type = TABLE]
[05 Mar 2017 17:10:28] Retrieving auto-increment columns for 'kuda_course' [type = TABLE]
[05 Mar 2017 17:10:28] Retrieving auto-increment columns for 'module_4' [type = TABLE]
[05 Mar 2017 17:10:28] Retrieving auto-increment columns for 'user_4' [type = TABLE]
[05 Mar 2017 17:10:28] Retrieving auto-increment columns for 'user_group_4' [type = TABLE]
[05 Mar 2017 17:10:28] Database connection closed
